Start testing: Sep 09 14:31 CEST
----------------------------------------------------------
Unable to find executable: /home/monika/cpp/ecosystem/build/ecosystem_tests
1/1 Testing: OrganismTest
1/1 Test: OrganismTest
Command: ""
Directory: /home/monika/cpp/ecosystem/build
"OrganismTest" start time: 
Output:
----------------------------------------------------------
<end of output>
Test time =   0.00 sec
----------------------------------------------------------
Test Passed.
"OrganismTest" end time: Sep 09 14:31 CEST
"OrganismTest" time elapsed: 00:00:00
----------------------------------------------------------

End testing: Sep 09 14:31 CEST
